2026-03-28 11:54:27 | INFO | CI | === RUN START ===
2026-03-28 11:54:27 | INFO | CI | project=MODULE 4: EVTL PIPELINE
2026-03-28 11:54:27 | INFO | CI | repo_dir=nlp-04-api-text-data
2026-03-28 11:54:27 | INFO | CI | python=3.14.0
2026-03-28 11:54:27 | INFO | CI | os=Windows 11
2026-03-28 11:54:27 | INFO | CI | shell=powershell
2026-03-28 11:54:27 | INFO | CI | cwd=.
2026-03-28 11:54:27 | INFO | CI | github_actions=False
2026-03-28 11:54:27 | INFO | CI | START PIPELINE
2026-03-28 11:54:27 | INFO | CI | ROOT_PATH = .
2026-03-28 11:54:27 | INFO | CI | DATA_PATH = data
2026-03-28 11:54:27 | INFO | CI | RAW_PATH = data\raw
2026-03-28 11:54:27 | INFO | CI | PROCESSED_PATH = data\processed
2026-03-28 11:54:27 | INFO | CI | ========================
2026-03-28 11:54:27 | INFO | CI | STAGE 01: EXTRACT starting... 
2026-03-28 11:54:27 | INFO | CI | ========================
2026-03-28 11:54:27 | INFO | CI | SOURCE PATH = https://jsonplaceholder.typicode.com/posts
2026-03-28 11:54:27 | INFO | CI | SINK PATH = data\raw\case_raw.json
2026-03-28 11:54:27 | INFO | CI | ========================
2026-03-28 11:54:27 | INFO | CI | STAGE 02: VALIDATE starting...
2026-03-28 11:54:27 | INFO | CI | ========================
2026-03-28 11:54:27 | INFO | CI | JSON STRUCTURE INSPECTION:
2026-03-28 11:54:27 | INFO | CI | Top-level type: list
2026-03-28 11:54:27 | INFO | CI | Keys in first record: ['userId', 'id', 'title', 'body']
2026-03-28 11:54:27 | INFO | CI | Field types:
2026-03-28 11:54:27 | INFO | CI | userId: int
2026-03-28 11:54:27 | INFO | CI | id: int
2026-03-28 11:54:27 | INFO | CI | title: str
2026-03-28 11:54:27 | INFO | CI | body: str
2026-03-28 11:54:27 | INFO | CI | Validation passed.
2026-03-28 11:54:27 | INFO | CI | Sink: validated JSON object
2026-03-28 11:54:27 | INFO | CI | ========================
2026-03-28 11:54:27 | INFO | CI | STAGE 03: TRANSFORM starting...
2026-03-28 11:54:27 | INFO | CI | ========================
2026-03-28 11:54:27 | INFO | CI | Transformation complete.
2026-03-28 11:54:27 | INFO | CI | DataFrame preview:
shape: (5, 6)
┌─────────┬─────────┬─────────────────────────────────┬─────────────────────────────────┬──────────────┬─────────────┐
│ user_id ┆ post_id ┆ title                           ┆ body                            ┆ title_length ┆ body_length │
│ ---     ┆ ---     ┆ ---                             ┆ ---                             ┆ ---          ┆ ---         │
│ i64     ┆ i64     ┆ str                             ┆ str                             ┆ u32          ┆ u32         │
╞═════════╪═════════╪═════════════════════════════════╪═════════════════════════════════╪══════════════╪═════════════╡
│ 1       ┆ 1       ┆ sunt aut facere repellat provi… ┆ quia et suscipit                ┆ 74           ┆ 158         │
│         ┆         ┆                                 ┆ suscipit recu…                  ┆              ┆             │
│ 1       ┆ 2       ┆ qui est esse                    ┆ est rerum tempore vitae         ┆ 12           ┆ 206         │
│         ┆         ┆                                 ┆ sequi …                         ┆              ┆             │
│ 1       ┆ 3       ┆ ea molestias quasi exercitatio… ┆ et iusto sed quo iure           ┆ 59           ┆ 164         │
│         ┆         ┆                                 ┆ voluptat…                       ┆              ┆             │
│ 1       ┆ 4       ┆ eum et est occaecati            ┆ ullam et saepe reiciendis volu… ┆ 20           ┆ 190         │
│ 1       ┆ 5       ┆ nesciunt quas odio              ┆ repudiandae veniam quaerat sun… ┆ 18           ┆ 147         │
└─────────┴─────────┴─────────────────────────────────┴─────────────────────────────────┴──────────────┴─────────────┘
2026-03-28 11:54:27 | INFO | CI | Sink: Polars DataFrame created
2026-03-28 11:54:27 | INFO | CI | ========================
2026-03-28 11:54:27 | INFO | CI | STAGE 04: LOAD starting...
2026-03-28 11:54:27 | INFO | CI | ========================
2026-03-28 11:54:27 | INFO | CI | SINK PATH = data\processed\case_processed.csv
2026-03-28 11:54:27 | INFO | CI | ========================
2026-03-28 11:54:27 | INFO | CI | Pipeline executed successfully!
2026-03-28 11:54:27 | INFO | CI | ========================
2026-03-28 12:53:34 | INFO | CI | === RUN START ===
2026-03-28 12:53:34 | INFO | CI | project=MODULE 4: EVTL PIPELINE
2026-03-28 12:53:34 | INFO | CI | repo_dir=nlp-04-api-text-data
2026-03-28 12:53:34 | INFO | CI | python=3.14.0
2026-03-28 12:53:34 | INFO | CI | os=Windows 11
2026-03-28 12:53:34 | INFO | CI | shell=powershell
2026-03-28 12:53:34 | INFO | CI | cwd=.
2026-03-28 12:53:34 | INFO | CI | github_actions=False
2026-03-28 12:53:34 | INFO | CI | START PIPELINE
2026-03-28 12:53:34 | INFO | CI | ROOT_PATH = .
2026-03-28 12:53:34 | INFO | CI | DATA_PATH = data
2026-03-28 12:53:34 | INFO | CI | RAW_PATH = data\raw
2026-03-28 12:53:34 | INFO | CI | PROCESSED_PATH = data\processed
2026-03-28 12:53:34 | INFO | CI | BEGIN EXTRACT stage
2026-03-28 12:53:34 | INFO | CI | ========================
2026-03-28 12:53:34 | INFO | CI | STAGE 01: EXTRACT starting... 
2026-03-28 12:53:34 | INFO | CI | ========================
2026-03-28 12:53:34 | INFO | CI | SOURCE PATH = https://jsonplaceholder.typicode.com/comments
2026-03-28 12:53:34 | INFO | CI | SINK PATH = data\raw\sgolla_raw.json
2026-03-28 12:53:34 | INFO | CI | EXTRACT complete: 500 records written to C:\workspace\Repos\Web_Mining_and_Applied_NLP\nlp-04-api-text-data\data\raw\sgolla_raw.json
2026-03-28 12:53:34 | INFO | CI | BEGIN VALIDATE stage
2026-03-28 12:53:34 | INFO | CI | ========================
2026-03-28 12:53:34 | INFO | CI | STAGE 02: VALIDATE starting...
2026-03-28 12:53:34 | INFO | CI | ========================
2026-03-28 12:53:34 | INFO | CI | JSON STRUCTURE INSPECTION:
2026-03-28 12:53:34 | INFO | CI | Top-level type: list
2026-03-28 12:53:34 | INFO | CI | Keys in first record: ['postId', 'id', 'name', 'email', 'body']
2026-03-28 12:53:34 | INFO | CI | Field types:
2026-03-28 12:53:34 | INFO | CI | postId: int
2026-03-28 12:53:34 | INFO | CI | id: int
2026-03-28 12:53:34 | INFO | CI | name: str
2026-03-28 12:53:34 | INFO | CI | email: str
2026-03-28 12:53:34 | INFO | CI | body: str
2026-03-28 12:53:34 | INFO | CI | Validation passed for 500 records.
2026-03-28 12:53:34 | INFO | CI | Sink: validated JSON object
2026-03-28 12:53:34 | INFO | CI | VALIDATE complete: 500 records passed validation
2026-03-28 12:53:34 | INFO | CI | BEGIN TRANSFORM stage
2026-03-28 12:53:34 | INFO | CI | ========================
2026-03-28 12:53:34 | INFO | CI | STAGE 03: TRANSFORM starting...
2026-03-28 12:53:34 | INFO | CI | ========================
2026-03-28 12:53:34 | INFO | CI | Selecting fields: post_id, comment_id, commenter_name, commenter_email, comment_text
2026-03-28 12:53:34 | INFO | CI | Transforming 500 records into a structured DataFrame
2026-03-28 12:53:46 | INFO | CI | === RUN START ===
2026-03-28 12:53:46 | INFO | CI | project=MODULE 4: EVTL PIPELINE
2026-03-28 12:53:46 | INFO | CI | repo_dir=nlp-04-api-text-data
2026-03-28 12:53:46 | INFO | CI | python=3.14.0
2026-03-28 12:53:46 | INFO | CI | os=Windows 11
2026-03-28 12:53:46 | INFO | CI | shell=powershell
2026-03-28 12:53:46 | INFO | CI | cwd=.
2026-03-28 12:53:46 | INFO | CI | github_actions=False
2026-03-28 12:53:46 | INFO | CI | START PIPELINE
2026-03-28 12:53:46 | INFO | CI | ROOT_PATH = .
2026-03-28 12:53:46 | INFO | CI | DATA_PATH = data
2026-03-28 12:53:46 | INFO | CI | RAW_PATH = data\raw
2026-03-28 12:53:46 | INFO | CI | PROCESSED_PATH = data\processed
2026-03-28 12:53:46 | INFO | CI | BEGIN EXTRACT stage
2026-03-28 12:53:46 | INFO | CI | ========================
2026-03-28 12:53:46 | INFO | CI | STAGE 01: EXTRACT starting... 
2026-03-28 12:53:46 | INFO | CI | ========================
2026-03-28 12:53:46 | INFO | CI | SOURCE PATH = https://jsonplaceholder.typicode.com/comments
2026-03-28 12:53:46 | INFO | CI | SINK PATH = data\raw\sgolla_raw.json
2026-03-28 12:53:46 | INFO | CI | EXTRACT complete: 500 records written to C:\workspace\Repos\Web_Mining_and_Applied_NLP\nlp-04-api-text-data\data\raw\sgolla_raw.json
2026-03-28 12:53:46 | INFO | CI | BEGIN VALIDATE stage
2026-03-28 12:53:46 | INFO | CI | ========================
2026-03-28 12:53:46 | INFO | CI | STAGE 02: VALIDATE starting...
2026-03-28 12:53:46 | INFO | CI | ========================
2026-03-28 12:53:46 | INFO | CI | JSON STRUCTURE INSPECTION:
2026-03-28 12:53:46 | INFO | CI | Top-level type: list
2026-03-28 12:53:46 | INFO | CI | Keys in first record: ['postId', 'id', 'name', 'email', 'body']
2026-03-28 12:53:46 | INFO | CI | Field types:
2026-03-28 12:53:46 | INFO | CI | postId: int
2026-03-28 12:53:46 | INFO | CI | id: int
2026-03-28 12:53:46 | INFO | CI | name: str
2026-03-28 12:53:46 | INFO | CI | email: str
2026-03-28 12:53:46 | INFO | CI | body: str
2026-03-28 12:53:46 | INFO | CI | Validation passed for 500 records.
2026-03-28 12:53:46 | INFO | CI | Sink: validated JSON object
2026-03-28 12:53:46 | INFO | CI | VALIDATE complete: 500 records passed validation
2026-03-28 12:53:46 | INFO | CI | BEGIN TRANSFORM stage
2026-03-28 12:53:46 | INFO | CI | ========================
2026-03-28 12:53:46 | INFO | CI | STAGE 03: TRANSFORM starting...
2026-03-28 12:53:46 | INFO | CI | ========================
2026-03-28 12:53:46 | INFO | CI | Selecting fields: post_id, comment_id, commenter_name, commenter_email, comment_text
2026-03-28 12:53:46 | INFO | CI | Transforming 500 records into a structured DataFrame
2026-03-28 12:55:37 | INFO | CI | === RUN START ===
2026-03-28 12:55:37 | INFO | CI | project=MODULE 4: EVTL PIPELINE
2026-03-28 12:55:37 | INFO | CI | repo_dir=nlp-04-api-text-data
2026-03-28 12:55:37 | INFO | CI | python=3.14.0
2026-03-28 12:55:37 | INFO | CI | os=Windows 11
2026-03-28 12:55:37 | INFO | CI | shell=powershell
2026-03-28 12:55:37 | INFO | CI | cwd=.
2026-03-28 12:55:37 | INFO | CI | github_actions=False
2026-03-28 12:55:37 | INFO | CI | START PIPELINE
2026-03-28 12:55:37 | INFO | CI | ROOT_PATH = .
2026-03-28 12:55:37 | INFO | CI | DATA_PATH = data
2026-03-28 12:55:37 | INFO | CI | RAW_PATH = data\raw
2026-03-28 12:55:37 | INFO | CI | PROCESSED_PATH = data\processed
2026-03-28 12:55:37 | INFO | CI | BEGIN EXTRACT stage
2026-03-28 12:55:37 | INFO | CI | ========================
2026-03-28 12:55:37 | INFO | CI | STAGE 01: EXTRACT starting... 
2026-03-28 12:55:37 | INFO | CI | ========================
2026-03-28 12:55:37 | INFO | CI | SOURCE PATH = https://jsonplaceholder.typicode.com/comments
2026-03-28 12:55:37 | INFO | CI | SINK PATH = data\raw\sgolla_raw.json
2026-03-28 12:55:37 | INFO | CI | EXTRACT complete: 500 records written to C:\workspace\Repos\Web_Mining_and_Applied_NLP\nlp-04-api-text-data\data\raw\sgolla_raw.json
2026-03-28 12:55:37 | INFO | CI | BEGIN VALIDATE stage
2026-03-28 12:55:37 | INFO | CI | ========================
2026-03-28 12:55:37 | INFO | CI | STAGE 02: VALIDATE starting...
2026-03-28 12:55:37 | INFO | CI | ========================
2026-03-28 12:55:37 | INFO | CI | JSON STRUCTURE INSPECTION:
2026-03-28 12:55:37 | INFO | CI | Top-level type: list
2026-03-28 12:55:37 | INFO | CI | Keys in first record: ['postId', 'id', 'name', 'email', 'body']
2026-03-28 12:55:37 | INFO | CI | Field types:
2026-03-28 12:55:37 | INFO | CI | postId: int
2026-03-28 12:55:37 | INFO | CI | id: int
2026-03-28 12:55:37 | INFO | CI | name: str
2026-03-28 12:55:37 | INFO | CI | email: str
2026-03-28 12:55:37 | INFO | CI | body: str
2026-03-28 12:55:37 | INFO | CI | Validation passed for 500 records.
2026-03-28 12:55:37 | INFO | CI | Sink: validated JSON object
2026-03-28 12:55:37 | INFO | CI | VALIDATE complete: 500 records passed validation
2026-03-28 12:55:37 | INFO | CI | BEGIN TRANSFORM stage
2026-03-28 12:55:37 | INFO | CI | ========================
2026-03-28 12:55:37 | INFO | CI | STAGE 03: TRANSFORM starting...
2026-03-28 12:55:37 | INFO | CI | ========================
2026-03-28 12:55:37 | INFO | CI | Selecting fields: post_id, comment_id, commenter_name, commenter_email, comment_text
2026-03-28 12:55:37 | INFO | CI | Transforming 500 records into a structured DataFrame
2026-03-28 12:57:25 | INFO | CI | === RUN START ===
2026-03-28 12:57:25 | INFO | CI | project=MODULE 4: EVTL PIPELINE
2026-03-28 12:57:25 | INFO | CI | repo_dir=nlp-04-api-text-data
2026-03-28 12:57:25 | INFO | CI | python=3.14.0
2026-03-28 12:57:25 | INFO | CI | os=Windows 11
2026-03-28 12:57:25 | INFO | CI | shell=powershell
2026-03-28 12:57:25 | INFO | CI | cwd=.
2026-03-28 12:57:25 | INFO | CI | github_actions=False
2026-03-28 12:57:25 | INFO | CI | START PIPELINE
2026-03-28 12:57:25 | INFO | CI | ROOT_PATH = .
2026-03-28 12:57:25 | INFO | CI | DATA_PATH = data
2026-03-28 12:57:25 | INFO | CI | RAW_PATH = data\raw
2026-03-28 12:57:25 | INFO | CI | PROCESSED_PATH = data\processed
2026-03-28 12:57:25 | INFO | CI | BEGIN EXTRACT stage
2026-03-28 12:57:25 | INFO | CI | ========================
2026-03-28 12:57:25 | INFO | CI | STAGE 01: EXTRACT starting... 
2026-03-28 12:57:25 | INFO | CI | ========================
2026-03-28 12:57:25 | INFO | CI | SOURCE PATH = https://jsonplaceholder.typicode.com/comments
2026-03-28 12:57:25 | INFO | CI | SINK PATH = data\raw\sgolla_raw.json
2026-03-28 12:57:25 | INFO | CI | EXTRACT complete: 500 records written to C:\workspace\Repos\Web_Mining_and_Applied_NLP\nlp-04-api-text-data\data\raw\sgolla_raw.json
2026-03-28 12:57:25 | INFO | CI | BEGIN VALIDATE stage
2026-03-28 12:57:25 | INFO | CI | ========================
2026-03-28 12:57:25 | INFO | CI | STAGE 02: VALIDATE starting...
2026-03-28 12:57:25 | INFO | CI | ========================
2026-03-28 12:57:25 | INFO | CI | JSON STRUCTURE INSPECTION:
2026-03-28 12:57:25 | INFO | CI | Top-level type: list
2026-03-28 12:57:25 | INFO | CI | Keys in first record: ['postId', 'id', 'name', 'email', 'body']
2026-03-28 12:57:25 | INFO | CI | Field types:
2026-03-28 12:57:25 | INFO | CI | postId: int
2026-03-28 12:57:25 | INFO | CI | id: int
2026-03-28 12:57:25 | INFO | CI | name: str
2026-03-28 12:57:25 | INFO | CI | email: str
2026-03-28 12:57:25 | INFO | CI | body: str
2026-03-28 12:57:25 | INFO | CI | Validation passed for 500 records.
2026-03-28 12:57:25 | INFO | CI | Sink: validated JSON object
2026-03-28 12:57:25 | INFO | CI | VALIDATE complete: 500 records passed validation
2026-03-28 12:57:25 | INFO | CI | BEGIN TRANSFORM stage
2026-03-28 12:57:25 | INFO | CI | ========================
2026-03-28 12:57:25 | INFO | CI | STAGE 03: TRANSFORM starting...
2026-03-28 12:57:25 | INFO | CI | ========================
2026-03-28 12:57:25 | INFO | CI | Selecting fields: post_id, comment_id, commenter_name, commenter_email, comment_text
2026-03-28 12:57:25 | INFO | CI | Transforming 500 records into a structured DataFrame
2026-03-28 12:57:25 | INFO | CI | Transformation complete: 500 rows and 7 columns created
2026-03-28 12:57:25 | INFO | CI | DataFrame preview:
shape: (5, 7)
┌─────────┬────────────┬───────────────┬───────────────┬───────────────┬───────────────┬───────────────┐
│ post_id ┆ comment_id ┆ commenter_nam ┆ commenter_ema ┆ comment_text  ┆ comment_text_ ┆ comment_text_ │
│ ---     ┆ ---        ┆ e             ┆ il            ┆ ---           ┆ length        ┆ word_count    │
│ i64     ┆ i64        ┆ ---           ┆ ---           ┆ str           ┆ ---           ┆ ---           │
│         ┆            ┆ str           ┆ str           ┆               ┆ i64           ┆ i64           │
╞═════════╪════════════╪═══════════════╪═══════════════╪═══════════════╪═══════════════╪═══════════════╡
│ 1       ┆ 1          ┆ id labore ex  ┆ Eliseo@gardne ┆ laudantium    ┆ 148           ┆ 21            │
│         ┆            ┆ et quam       ┆ r.biz         ┆ enim quasi    ┆               ┆               │
│         ┆            ┆ laborum       ┆               ┆ est quid…     ┆               ┆               │
│ 1       ┆ 2          ┆ quo vero      ┆ Jayne_Kuhic@s ┆ est natus     ┆ 168           ┆ 25            │
│         ┆            ┆ reiciendis    ┆ ydney.com     ┆ enim nihil    ┆               ┆               │
│         ┆            ┆ velit simi…   ┆               ┆ est dolor…    ┆               ┆               │
│ 1       ┆ 3          ┆ odio adipisci ┆ Nikita@garfie ┆ quia          ┆ 218           ┆ 29            │
│         ┆            ┆ rerum aut     ┆ ld.biz        ┆ molestiae     ┆               ┆               │
│         ┆            ┆ animi         ┆               ┆ reprehenderit ┆               ┆               │
│         ┆            ┆               ┆               ┆ q…            ┆               ┆               │
│ 1       ┆ 4          ┆ alias odio    ┆ Lew@alysha.tv ┆ non et atque  ┆ 154           ┆ 23            │
│         ┆            ┆ sit           ┆               ┆ occaecati     ┆               ┆               │
│         ┆            ┆               ┆               ┆ deserun…      ┆               ┆               │
│ 1       ┆ 5          ┆ vero eaque    ┆ Hayden@althea ┆ harum non     ┆ 132           ┆ 20            │
│         ┆            ┆ aliquid       ┆ .biz          ┆ quasi et      ┆               ┆               │
│         ┆            ┆ doloribus e…  ┆               ┆ ratione       ┆               ┆               │
│         ┆            ┆               ┆               ┆ tem…          ┆               ┆               │
└─────────┴────────────┴───────────────┴───────────────┴───────────────┴───────────────┴───────────────┘
2026-03-28 12:57:25 | INFO | CI | Sink: Polars DataFrame created
2026-03-28 12:57:25 | INFO | CI | TRANSFORM complete: DataFrame has 500 rows and 7 columns
2026-03-28 12:57:25 | INFO | CI | BEGIN LOAD stage
2026-03-28 12:57:25 | INFO | CI | ========================
2026-03-28 12:57:25 | INFO | CI | STAGE 04: LOAD starting...
2026-03-28 12:57:25 | INFO | CI | ========================
2026-03-28 12:57:25 | INFO | CI | SINK PATH = data\processed\sgolla_processed.csv
2026-03-28 12:57:25 | INFO | CI | LOAD complete: file written to C:\workspace\Repos\Web_Mining_and_Applied_NLP\nlp-04-api-text-data\data\processed\sgolla_processed.csv
2026-03-28 12:57:25 | INFO | CI | ========================
2026-03-28 12:57:25 | INFO | CI | Pipeline executed successfully!
2026-03-28 12:57:25 | INFO | CI | ========================
